<?xml version="1.0" encoding="UTF-8"?>
<testsuite name="UtilitiesTest" tests="1" skipped="0" failures="0" errors="0" timestamp="2020-03-23T23:37:26" hostname="ZenBook" time="0.041">
  <properties/>
  <testcase name="testAdd()" classname="UtilitiesTest" time="0.041"/>
  <system-out><![CDATA[]]></system-out>
  <system-err><![CDATA[]]></system-err>
</testsuite>
