<?xml version="1.0" encoding="UTF-8"?>
<testsuite name="UtilitiesTest" tests="8" skipped="0" failures="0" errors="0" timestamp="2020-04-14T21:31:42" hostname="MARTIN-PC" time="0.039">
  <properties/>
  <testcase name="testAbs()" classname="UtilitiesTest" time="0.02"/>
  <testcase name="testAdd()" classname="UtilitiesTest" time="0.002"/>
  <testcase name="testExp()" classname="UtilitiesTest" time="0.003"/>
  <testcase name="testSub()" classname="UtilitiesTest" time="0.001"/>
  <testcase name="testFact()" classname="UtilitiesTest" time="0.0"/>
  <testcase name="testRadical()" classname="UtilitiesTest" time="0.004"/>
  <testcase name="testDivide()" classname="UtilitiesTest" time="0.002"/>
  <testcase name="testMultiply()" classname="UtilitiesTest" time="0.001"/>
  <system-out><![CDATA[]]></system-out>
  <system-err><![CDATA[]]></system-err>
</testsuite>
